<?xml version="1.0" encoding="UTF-8"?>
<testsuite name="CabInvoiceGeneratorTest" tests="1" skipped="0" failures="0" errors="0" timestamp="2020-04-16T11:36:00" hostname="Sagar" time="0.003">
  <properties/>
  <testcase name="givenDistanceAndTime_ShouldReturnMinimumFare" classname="CabInvoiceGeneratorTest" time="0.003"/>
  <system-out><![CDATA[]]></system-out>
  <system-err><![CDATA[]]></system-err>
</testsuite>
