<?xml version="1.0" encoding="UTF-8"?>
<testsuite name="InvoiceServiceTest" tests="1" skipped="0" failures="0" errors="0" timestamp="2020-04-16T19:16:05" hostname="Sagar" time="0.083">
  <properties/>
  <testcase name="givenUserIdAndRides_ShouldReturnInvoice" classname="InvoiceServiceTest" time="0.083"/>
  <system-out><![CDATA[]]></system-out>
  <system-err><![CDATA[]]></system-err>
</testsuite>
