<?xml version="1.0" encoding="UTF-8"?>
<testsuite name="CabInvoiceGeneratorTest" tests="1" skipped="0" failures="0" errors="0" timestamp="2020-04-16T18:39:03" hostname="Sagar" time="0.03">
  <properties/>
  <testcase name="givenMultipleRides_ShouldReturnInvoiceSummary" classname="CabInvoiceGeneratorTest" time="0.03"/>
  <system-out><![CDATA[]]></system-out>
  <system-err><![CDATA[]]></system-err>
</testsuite>
