<?xml version="1.0" encoding="UTF-8"?>
<testsuite name="InvoiceServiceTest" tests="2" skipped="0" failures="0" errors="0" timestamp="2020-04-19T17:18:10" hostname="Sagar" time="0.016">
  <properties/>
  <testcase name="givenUserIdAndRides_ShouldReturnInvoice" classname="InvoiceServiceTest" time="0.01"/>
  <testcase name="givenMultipleRides_ShouldReturnInvoiceSummary" classname="InvoiceServiceTest" time="0.0"/>
  <system-out><![CDATA[]]></system-out>
  <system-err><![CDATA[]]></system-err>
</testsuite>
